2019-07-10 01:47:39.278  WARN 13536 --- [HikariPool-1 housekeeper] com.zaxxer.hikari.pool.HikariPool        : HikariPool-1 - Thread starvation or clock leap detected (housekeeper delta=3h28s920ms31µs676ns).
2019-07-10 08:41:01.929  WARN 13536 --- [HikariPool-1 housekeeper] com.zaxxer.hikari.pool.HikariPool        : HikariPool-1 - Thread starvation or clock leap detected (housekeeper delta=6h53m28s418ms812µs51ns).
2019-07-10 08:51:21.827  WARN 13536 --- [HikariPool-1 housekeeper] com.zaxxer.hikari.pool.HikariPool        : HikariPool-1 - Thread starvation or clock leap detected (housekeeper delta=49s884ms299µs241ns).
2019-07-10 09:06:02.538  WARN 13536 --- [HikariPool-1 housekeeper] com.zaxxer.hikari.pool.HikariPool        : HikariPool-1 - Thread starvation or clock leap detected (housekeeper delta=3m40s694ms736µs178ns).
2019-07-10 09:28:05.964  INFO 18420 --- [restartedMain] com.example.demo.DemoApplication         : Starting DemoApplication on niceguysPC with PID 18420 (D:\Git\codehub_download\ShopProject\target\classes started by lenovo in D:\Git\codehub_download\ShopProject)
2019-07-10 09:28:05.966  INFO 18420 --- [restartedMain] com.example.demo.DemoApplication         : No active profile set, falling back to default profiles: default
2019-07-10 09:28:06.064  INFO 18420 --- [restartedMain] ConfigServletWebServerApplicationContext : Refreshing org.springframework.boot.web.servlet.context.AnnotationConfigServletWebServerApplicationContext@6bc8fef8: startup date [Wed Jul 10 09:28:06 CST 2019]; root of context hierarchy
2019-07-10 09:28:08.739  INFO 18420 --- [restartedMain] o.s.b.w.embedded.tomcat.TomcatWebServer  : Tomcat initialized with port(s): 8080 (http)
2019-07-10 09:28:08.762  INFO 18420 --- [restartedMain] o.apache.catalina.core.StandardService   : Starting service [Tomcat]
2019-07-10 09:28:08.762  INFO 18420 --- [restartedMain] org.apache.catalina.core.StandardEngine  : Starting Servlet Engine: Apache Tomcat/8.5.31
2019-07-10 09:28:08.767  INFO 18420 --- [localhost-startStop-1] o.a.catalina.core.AprLifecycleListener   : The APR based Apache Tomcat Native library which allows optimal performance in production environments was not found on the java.library.path: [D:\1Java\bin;C:\WINDOWS\Sun\Java\bin;C:\WINDOWS\system32;C:\WINDOWS;C:\Program Files (x86)\Common Files\Oracle\Java\javapath;C:\ProgramData\Oracle\Java\javapath;D:\software\java\bin;D:\software\java\jre\bin;C:\WINDOWS\system32;C:\WINDOWS;C:\WINDOWS\System32\Wbem;C:\WINDOWS\System32\WindowsPowerShell\v1.0\;C:\Users\lenovo\AppData\Local\Microsoft\WindowsApps;;.]
2019-07-10 09:28:08.875  INFO 18420 --- [localhost-startStop-1] o.a.c.c.C.[Tomcat].[localhost].[/]       : Initializing Spring embedded WebApplicationContext
2019-07-10 09:28:08.875  INFO 18420 --- [localhost-startStop-1] o.s.web.context.ContextLoader            : Root WebApplicationContext: initialization completed in 2811 ms
2019-07-10 09:28:09.023  INFO 18420 --- [localhost-startStop-1] o.s.b.w.servlet.ServletRegistrationBean  : Servlet dispatcherServlet mapped to [/]
2019-07-10 09:28:09.030  INFO 18420 --- [localhost-startStop-1] o.s.b.w.servlet.FilterRegistrationBean   : Mapping filter: 'characterEncodingFilter' to: [/*]
2019-07-10 09:28:09.031  INFO 18420 --- [localhost-startStop-1] o.s.b.w.servlet.FilterRegistrationBean   : Mapping filter: 'hiddenHttpMethodFilter' to: [/*]
2019-07-10 09:28:09.031  INFO 18420 --- [localhost-startStop-1] o.s.b.w.servlet.FilterRegistrationBean   : Mapping filter: 'httpPutFormContentFilter' to: [/*]
2019-07-10 09:28:09.031  INFO 18420 --- [localhost-startStop-1] o.s.b.w.servlet.FilterRegistrationBean   : Mapping filter: 'requestContextFilter' to: [/*]
2019-07-10 09:28:09.386  INFO 18420 --- [restartedMain] o.s.w.s.handler.SimpleUrlHandlerMapping  : Mapped URL path [/**/favicon.ico] onto handler of type [class org.springframework.web.servlet.resource.ResourceHttpRequestHandler]
2019-07-10 09:28:09.680  INFO 18420 --- [restartedMain] s.w.s.m.m.a.RequestMappingHandlerAdapter : Looking for @ControllerAdvice: org.springframework.boot.web.servlet.context.AnnotationConfigServletWebServerApplicationContext@6bc8fef8: startup date [Wed Jul 10 09:28:06 CST 2019]; root of context hierarchy
2019-07-10 09:28:09.770  INFO 18420 --- [restartedMain] s.w.s.m.m.a.RequestMappingHandlerMapping : Mapped "{[/search]}" onto public java.lang.String com.example.demo.controller.CommodityController.search(javax.servlet.http.HttpServletRequest,javax.servlet.http.HttpSession,org.springframework.ui.Model)
2019-07-10 09:28:09.771  INFO 18420 --- [restartedMain] s.w.s.m.m.a.RequestMappingHandlerMapping : Mapped "{[/detail]}" onto public java.lang.String com.example.demo.controller.CommodityController.detail()
2019-07-10 09:28:09.772  INFO 18420 --- [restartedMain] s.w.s.m.m.a.RequestMappingHandlerMapping : Mapped "{[/person_index]}" onto public java.lang.String com.example.demo.controller.CommodityController.person_index()
2019-07-10 09:28:09.777  INFO 18420 --- [restartedMain] s.w.s.m.m.a.RequestMappingHandlerMapping : Mapped "{[/EndPages]}" onto public java.lang.String com.example.demo.controller.EndPagesController.index(javax.servlet.http.HttpServletRequest,javax.servlet.http.HttpSession,org.springframework.ui.Model)
2019-07-10 09:28:09.777  INFO 18420 --- [restartedMain] s.w.s.m.m.a.RequestMappingHandlerMapping : Mapped "{[/EndPages/commodityAddDetail]}" onto public java.lang.String com.example.demo.controller.EndPagesController.commodityAddDetail(javax.servlet.http.HttpServletRequest,org.springframework.ui.Model)
2019-07-10 09:28:09.778  INFO 18420 --- [restartedMain] s.w.s.m.m.a.RequestMappingHandlerMapping : Mapped "{[/commodityOperation]}" onto public java.lang.String com.example.demo.controller.EndPagesController.commodityOperarion(javax.servlet.http.HttpServletRequest,javax.servlet.http.HttpSession,org.springframework.ui.Model)
2019-07-10 09:28:09.778  INFO 18420 --- [restartedMain] s.w.s.m.m.a.RequestMappingHandlerMapping : Mapped "{[/categoryOperation]}" onto public java.lang.String com.example.demo.controller.EndPagesController.categoryOperarion(javax.servlet.http.HttpServletRequest,javax.servlet.http.HttpSession,org.springframework.ui.Model)
2019-07-10 09:28:09.778  INFO 18420 --- [restartedMain] s.w.s.m.m.a.RequestMappingHandlerMapping : Mapped "{[/userdetail]}" onto public java.lang.String com.example.demo.controller.EndPagesController.userManage(javax.servlet.http.HttpServletRequest,javax.servlet.http.HttpSession,org.springframework.ui.Model)
2019-07-10 09:28:09.779  INFO 18420 --- [restartedMain] s.w.s.m.m.a.RequestMappingHandlerMapping : Mapped "{[/categorySearch]}" onto public java.lang.String com.example.demo.controller.EndPagesController.categorySearch(javax.servlet.http.HttpServletRequest,javax.servlet.http.HttpSession,org.springframework.ui.Model)
2019-07-10 09:28:09.779  INFO 18420 --- [restartedMain] s.w.s.m.m.a.RequestMappingHandlerMapping : Mapped "{[/endpagesexit]}" onto public java.lang.String com.example.demo.controller.EndPagesController.endpagesexit()
2019-07-10 09:28:09.779  INFO 18420 --- [restartedMain] s.w.s.m.m.a.RequestMappingHandlerMapping : Mapped "{[/brandOperation]}" onto public java.lang.String com.example.demo.controller.EndPagesController.brandOperarion(javax.servlet.http.HttpServletRequest,javax.servlet.http.HttpSession,org.springframework.ui.Model)
2019-07-10 09:28:09.779  INFO 18420 --- [restartedMain] s.w.s.m.m.a.RequestMappingHandlerMapping : Mapped "{[/userdetailUpdate]}" onto public java.lang.String com.example.demo.controller.EndPagesController.userdetailUpdate(javax.servlet.http.HttpServletRequest,javax.servlet.http.HttpSession,org.springframework.ui.Model)
2019-07-10 09:28:09.779  INFO 18420 --- [restartedMain] s.w.s.m.m.a.RequestMappingHandlerMapping : Mapped "{[/userSearch]}" onto public java.lang.String com.example.demo.controller.EndPagesController.userSearch(javax.servlet.http.HttpServletRequest,javax.servlet.http.HttpSession,org.springframework.ui.Model)
2019-07-10 09:28:09.780  INFO 18420 --- [restartedMain] s.w.s.m.m.a.RequestMappingHandlerMapping : Mapped "{[/categoryUpdate]}" onto public java.lang.String com.example.demo.controller.EndPagesController.categoryUpdate(javax.servlet.http.HttpServletRequest,javax.servlet.http.HttpSession,org.springframework.ui.Model)
2019-07-10 09:28:09.780  INFO 18420 --- [restartedMain] s.w.s.m.m.a.RequestMappingHandlerMapping : Mapped "{[/EndPagesLogin]}" onto public java.lang.String com.example.demo.controller.EndPagesController.EndPagesLogin(javax.servlet.http.HttpServletRequest,javax.servlet.http.HttpSession,org.springframework.ui.Model)
2019-07-10 09:28:09.780  INFO 18420 --- [restartedMain] s.w.s.m.m.a.RequestMappingHandlerMapping : Mapped "{[/EndPages/categoryAdd]}" onto public java.lang.String com.example.demo.controller.EndPagesController.categoryAdd(javax.servlet.http.HttpServletRequest,javax.servlet.http.HttpSession,org.springframework.ui.Model)
2019-07-10 09:28:09.781  INFO 18420 --- [restartedMain] s.w.s.m.m.a.RequestMappingHandlerMapping : Mapped "{[/orderedit]}" onto public java.lang.String com.example.demo.controller.EndPagesController.orderedit(javax.servlet.http.HttpServletRequest,org.springframework.ui.Model)
2019-07-10 09:28:09.781  INFO 18420 --- [restartedMain] s.w.s.m.m.a.RequestMappingHandlerMapping : Mapped "{[/orderdetialUpdate]}" onto public java.lang.String com.example.demo.controller.EndPagesController.orderdetailEdit(javax.servlet.http.HttpServletRequest,org.springframework.ui.Model)
2019-07-10 09:28:09.781  INFO 18420 --- [restartedMain] s.w.s.m.m.a.RequestMappingHandlerMapping : Mapped "{[/EndPages/brandAdd]}" onto public java.lang.String com.example.demo.controller.EndPagesController.brandAdd(javax.servlet.http.HttpServletRequest,javax.servlet.http.HttpSession,org.springframework.ui.Model)
2019-07-10 09:28:09.781  INFO 18420 --- [restartedMain] s.w.s.m.m.a.RequestMappingHandlerMapping : Mapped "{[/EndPages/commodityAdd]}" onto public java.lang.String com.example.demo.controller.EndPagesController.commodityAdd(javax.servlet.http.HttpServletRequest,javax.servlet.http.HttpSession,org.springframework.ui.Model)
2019-07-10 09:28:09.782  INFO 18420 --- [restartedMain] s.w.s.m.m.a.RequestMappingHandlerMapping : Mapped "{[/commodityUpdate]}" onto public java.lang.String com.example.demo.controller.EndPagesController.commodityUpdate(javax.servlet.http.HttpServletRequest,javax.servlet.http.HttpSession,org.springframework.ui.Model)
2019-07-10 09:28:09.782  INFO 18420 --- [restartedMain] s.w.s.m.m.a.RequestMappingHandlerMapping : Mapped "{[/brandSearch]}" onto public java.lang.String com.example.demo.controller.EndPagesController.brandSearch(javax.servlet.http.HttpServletRequest,javax.servlet.http.HttpSession,org.springframework.ui.Model)
2019-07-10 09:28:09.782  INFO 18420 --- [restartedMain] s.w.s.m.m.a.RequestMappingHandlerMapping : Mapped "{[/brandUpdate]}" onto public java.lang.String com.example.demo.controller.EndPagesController.brandUpdate(javax.servlet.http.HttpServletRequest,javax.servlet.http.HttpSession,org.springframework.ui.Model)
2019-07-10 09:28:09.783  INFO 18420 --- [restartedMain] s.w.s.m.m.a.RequestMappingHandlerMapping : Mapped "{[/commoditySearch]}" onto public java.lang.String com.example.demo.controller.EndPagesController.commoditySearch(javax.servlet.http.HttpServletRequest,javax.servlet.http.HttpSession,org.springframework.ui.Model)
2019-07-10 09:28:09.783  INFO 18420 --- [restartedMain] s.w.s.m.m.a.RequestMappingHandlerMapping : Mapped "{[/index]}" onto public java.lang.String com.example.demo.controller.UserController.index(javax.servlet.http.HttpServletRequest,javax.servlet.http.HttpSession,org.springframework.ui.Model)
2019-07-10 09:28:09.784  INFO 18420 --- [restartedMain] s.w.s.m.m.a.RequestMappingHandlerMapping : Mapped "{[/register]}" onto public java.lang.String com.example.demo.controller.UserController.register(javax.servlet.http.HttpSession,org.springframework.ui.Model)
2019-07-10 09:28:09.784  INFO 18420 --- [restartedMain] s.w.s.m.m.a.RequestMappingHandlerMapping : Mapped "{[/ || /init]}" onto public java.lang.String com.example.demo.controller.UserController.init()
2019-07-10 09:28:09.784  INFO 18420 --- [restartedMain] s.w.s.m.m.a.RequestMappingHandlerMapping : Mapped "{[/login]}" onto public java.lang.String com.example.demo.controller.UserController.login(javax.servlet.http.HttpServletRequest,javax.servlet.http.HttpSession,org.springframework.ui.Model)
2019-07-10 09:28:09.785  INFO 18420 --- [restartedMain] s.w.s.m.m.a.RequestMappingHandlerMapping : Mapped "{[/register1]}" onto public java.lang.String com.example.demo.controller.UserController.register1(javax.servlet.http.HttpServletRequest,javax.servlet.http.HttpSession,org.springframework.ui.Model)
2019-07-10 09:28:09.788  INFO 18420 --- [restartedMain] s.w.s.m.m.a.RequestMappingHandlerMapping : Mapped "{[/error]}" onto public org.springframework.http.ResponseEntity<java.util.Map<java.lang.String, java.lang.Object>> org.springframework.boot.autoconfigure.web.servlet.error.BasicErrorController.error(javax.servlet.http.HttpServletRequest)
2019-07-10 09:28:09.789  INFO 18420 --- [restartedMain] s.w.s.m.m.a.RequestMappingHandlerMapping : Mapped "{[/error],produces=[text/html]}" onto public org.springframework.web.servlet.ModelAndView org.springframework.boot.autoconfigure.web.servlet.error.BasicErrorController.errorHtml(javax.servlet.http.HttpServletRequest,javax.servlet.http.HttpServletResponse)
2019-07-10 09:28:09.818  INFO 18420 --- [restartedMain] o.s.w.s.handler.SimpleUrlHandlerMapping  : Mapped URL path [/webjars/**] onto handler of type [class org.springframework.web.servlet.resource.ResourceHttpRequestHandler]
2019-07-10 09:28:09.818  INFO 18420 --- [restartedMain] o.s.w.s.handler.SimpleUrlHandlerMapping  : Mapped URL path [/**] onto handler of type [class org.springframework.web.servlet.resource.ResourceHttpRequestHandler]
2019-07-10 09:28:10.397  INFO 18420 --- [restartedMain] o.s.b.d.a.OptionalLiveReloadServer       : LiveReload server is running on port 35729
2019-07-10 09:28:10.434  INFO 18420 --- [restartedMain] o.s.j.e.a.AnnotationMBeanExporter        : Registering beans for JMX exposure on startup
2019-07-10 09:28:10.435  INFO 18420 --- [restartedMain] o.s.j.e.a.AnnotationMBeanExporter        : Bean with name 'dataSource' has been autodetected for JMX exposure
2019-07-10 09:28:10.442  INFO 18420 --- [restartedMain] o.s.j.e.a.AnnotationMBeanExporter        : Located MBean 'dataSource': registering with JMX server as MBean [com.zaxxer.hikari:name=dataSource,type=HikariDataSource]
2019-07-10 09:28:10.501  INFO 18420 --- [restartedMain] o.s.b.w.embedded.tomcat.TomcatWebServer  : Tomcat started on port(s): 8080 (http) with context path ''
2019-07-10 09:28:10.509  INFO 18420 --- [restartedMain] com.example.demo.DemoApplication         : Started DemoApplication in 5.441 seconds (JVM running for 7.059)
2019-07-10 09:28:23.654  INFO 18420 --- [http-nio-8080-exec-1] o.a.c.c.C.[Tomcat].[localhost].[/]       : Initializing Spring FrameworkServlet 'dispatcherServlet'
2019-07-10 09:28:23.655  INFO 18420 --- [http-nio-8080-exec-1] o.s.web.servlet.DispatcherServlet        : FrameworkServlet 'dispatcherServlet': initialization started
2019-07-10 09:28:23.682  INFO 18420 --- [http-nio-8080-exec-1] o.s.web.servlet.DispatcherServlet        : FrameworkServlet 'dispatcherServlet': initialization completed in 27 ms
2019-07-10 09:28:23.758  INFO 18420 --- [http-nio-8080-exec-1] com.zaxxer.hikari.HikariDataSource       : HikariPool-1 - Starting...
2019-07-10 09:28:23.939  INFO 18420 --- [http-nio-8080-exec-1] com.zaxxer.hikari.HikariDataSource       : HikariPool-1 - Start completed.
2019-07-10 09:30:16.089  INFO 17716 --- [restartedMain] com.example.demo.DemoApplication         : Starting DemoApplication on niceguysPC with PID 17716 (D:\Git\codehub_download\ShopProject\target\classes started by lenovo in D:\Git\codehub_download\ShopProject)
2019-07-10 09:30:16.091  INFO 17716 --- [restartedMain] com.example.demo.DemoApplication         : No active profile set, falling back to default profiles: default
2019-07-10 09:30:16.198  INFO 17716 --- [restartedMain] ConfigServletWebServerApplicationContext : Refreshing org.springframework.boot.web.servlet.context.AnnotationConfigServletWebServerApplicationContext@7b3843c9: startup date [Wed Jul 10 09:30:16 CST 2019]; root of context hierarchy
2019-07-10 09:30:18.486  INFO 17716 --- [restartedMain] o.s.b.w.embedded.tomcat.TomcatWebServer  : Tomcat initialized with port(s): 8080 (http)
2019-07-10 09:30:18.511  INFO 17716 --- [restartedMain] o.apache.catalina.core.StandardService   : Starting service [Tomcat]
2019-07-10 09:30:18.511  INFO 17716 --- [restartedMain] org.apache.catalina.core.StandardEngine  : Starting Servlet Engine: Apache Tomcat/8.5.31
2019-07-10 09:30:18.516  INFO 17716 --- [localhost-startStop-1] o.a.catalina.core.AprLifecycleListener   : The APR based Apache Tomcat Native library which allows optimal performance in production environments was not found on the java.library.path: [D:\1Java\bin;C:\WINDOWS\Sun\Java\bin;C:\WINDOWS\system32;C:\WINDOWS;C:\Program Files (x86)\Common Files\Oracle\Java\javapath;C:\ProgramData\Oracle\Java\javapath;D:\software\java\bin;D:\software\java\jre\bin;C:\WINDOWS\system32;C:\WINDOWS;C:\WINDOWS\System32\Wbem;C:\WINDOWS\System32\WindowsPowerShell\v1.0\;C:\Users\lenovo\AppData\Local\Microsoft\WindowsApps;;.]
2019-07-10 09:30:18.626  INFO 17716 --- [localhost-startStop-1] o.a.c.c.C.[Tomcat].[localhost].[/]       : Initializing Spring embedded WebApplicationContext
2019-07-10 09:30:18.627  INFO 17716 --- [localhost-startStop-1] o.s.web.context.ContextLoader            : Root WebApplicationContext: initialization completed in 2429 ms
2019-07-10 09:30:18.825  INFO 17716 --- [localhost-startStop-1] o.s.b.w.servlet.ServletRegistrationBean  : Servlet dispatcherServlet mapped to [/]
2019-07-10 09:30:18.831  INFO 17716 --- [localhost-startStop-1] o.s.b.w.servlet.FilterRegistrationBean   : Mapping filter: 'characterEncodingFilter' to: [/*]
2019-07-10 09:30:18.832  INFO 17716 --- [localhost-startStop-1] o.s.b.w.servlet.FilterRegistrationBean   : Mapping filter: 'hiddenHttpMethodFilter' to: [/*]
2019-07-10 09:30:18.832  INFO 17716 --- [localhost-startStop-1] o.s.b.w.servlet.FilterRegistrationBean   : Mapping filter: 'httpPutFormContentFilter' to: [/*]
2019-07-10 09:30:18.833  INFO 17716 --- [localhost-startStop-1] o.s.b.w.servlet.FilterRegistrationBean   : Mapping filter: 'requestContextFilter' to: [/*]
2019-07-10 09:30:19.188  INFO 17716 --- [restartedMain] o.s.w.s.handler.SimpleUrlHandlerMapping  : Mapped URL path [/**/favicon.ico] onto handler of type [class org.springframework.web.servlet.resource.ResourceHttpRequestHandler]
2019-07-10 09:30:19.425  INFO 17716 --- [restartedMain] s.w.s.m.m.a.RequestMappingHandlerAdapter : Looking for @ControllerAdvice: org.springframework.boot.web.servlet.context.AnnotationConfigServletWebServerApplicationContext@7b3843c9: startup date [Wed Jul 10 09:30:16 CST 2019]; root of context hierarchy
2019-07-10 09:30:19.511  INFO 17716 --- [restartedMain] s.w.s.m.m.a.RequestMappingHandlerMapping : Mapped "{[/search]}" onto public java.lang.String com.example.demo.controller.CommodityController.search(javax.servlet.http.HttpServletRequest,javax.servlet.http.HttpSession,org.springframework.ui.Model)
2019-07-10 09:30:19.512  INFO 17716 --- [restartedMain] s.w.s.m.m.a.RequestMappingHandlerMapping : Mapped "{[/detail]}" onto public java.lang.String com.example.demo.controller.CommodityController.detail()
2019-07-10 09:30:19.513  INFO 17716 --- [restartedMain] s.w.s.m.m.a.RequestMappingHandlerMapping : Mapped "{[/person_index]}" onto public java.lang.String com.example.demo.controller.CommodityController.person_index()
2019-07-10 09:30:19.517  INFO 17716 --- [restartedMain] s.w.s.m.m.a.RequestMappingHandlerMapping : Mapped "{[/EndPages]}" onto public java.lang.String com.example.demo.controller.EndPagesController.index(javax.servlet.http.HttpServletRequest,javax.servlet.http.HttpSession,org.springframework.ui.Model)
2019-07-10 09:30:19.518  INFO 17716 --- [restartedMain] s.w.s.m.m.a.RequestMappingHandlerMapping : Mapped "{[/categoryUpdate]}" onto public java.lang.String com.example.demo.controller.EndPagesController.categoryUpdate(javax.servlet.http.HttpServletRequest,javax.servlet.http.HttpSession,org.springframework.ui.Model)
2019-07-10 09:30:19.519  INFO 17716 --- [restartedMain] s.w.s.m.m.a.RequestMappingHandlerMapping : Mapped "{[/brandUpdate]}" onto public java.lang.String com.example.demo.controller.EndPagesController.brandUpdate(javax.servlet.http.HttpServletRequest,javax.servlet.http.HttpSession,org.springframework.ui.Model)
2019-07-10 09:30:19.520  INFO 17716 --- [restartedMain] s.w.s.m.m.a.RequestMappingHandlerMapping : Mapped "{[/commoditySearch]}" onto public java.lang.String com.example.demo.controller.EndPagesController.commoditySearch(javax.servlet.http.HttpServletRequest,javax.servlet.http.HttpSession,org.springframework.ui.Model)
2019-07-10 09:30:19.520  INFO 17716 --- [restartedMain] s.w.s.m.m.a.RequestMappingHandlerMapping : Mapped "{[/userSearch]}" onto public java.lang.String com.example.demo.controller.EndPagesController.userSearch(javax.servlet.http.HttpServletRequest,javax.servlet.http.HttpSession,org.springframework.ui.Model)
2019-07-10 09:30:19.520  INFO 17716 --- [restartedMain] s.w.s.m.m.a.RequestMappingHandlerMapping : Mapped "{[/brandSearch]}" onto public java.lang.String com.example.demo.controller.EndPagesController.brandSearch(javax.servlet.http.HttpServletRequest,javax.servlet.http.HttpSession,org.springframework.ui.Model)
2019-07-10 09:30:19.521  INFO 17716 --- [restartedMain] s.w.s.m.m.a.RequestMappingHandlerMapping : Mapped "{[/orderdetialUpdate]}" onto public java.lang.String com.example.demo.controller.EndPagesController.orderdetailEdit(javax.servlet.http.HttpServletRequest,org.springframework.ui.Model)
2019-07-10 09:30:19.521  INFO 17716 --- [restartedMain] s.w.s.m.m.a.RequestMappingHandlerMapping : Mapped "{[/EndPages/categoryAdd]}" onto public java.lang.String com.example.demo.controller.EndPagesController.categoryAdd(javax.servlet.http.HttpServletRequest,javax.servlet.http.HttpSession,org.springframework.ui.Model)
2019-07-10 09:30:19.521  INFO 17716 --- [restartedMain] s.w.s.m.m.a.RequestMappingHandlerMapping : Mapped "{[/userdetailUpdate]}" onto public java.lang.String com.example.demo.controller.EndPagesController.userdetailUpdate(javax.servlet.http.HttpServletRequest,javax.servlet.http.HttpSession,org.springframework.ui.Model)
2019-07-10 09:30:19.521  INFO 17716 --- [restartedMain] s.w.s.m.m.a.RequestMappingHandlerMapping : Mapped "{[/userdetail]}" onto public java.lang.String com.example.demo.controller.EndPagesController.userManage(javax.servlet.http.HttpServletRequest,javax.servlet.http.HttpSession,org.springframework.ui.Model)
2019-07-10 09:30:19.521  INFO 17716 --- [restartedMain] s.w.s.m.m.a.RequestMappingHandlerMapping : Mapped "{[/commodityUpdate]}" onto public java.lang.String com.example.demo.controller.EndPagesController.commodityUpdate(javax.servlet.http.HttpServletRequest,javax.servlet.http.HttpSession,org.springframework.ui.Model)
2019-07-10 09:30:19.522  INFO 17716 --- [restartedMain] s.w.s.m.m.a.RequestMappingHandlerMapping : Mapped "{[/orderedit]}" onto public java.lang.String com.example.demo.controller.EndPagesController.orderedit(javax.servlet.http.HttpServletRequest,org.springframework.ui.Model)
2019-07-10 09:30:19.522  INFO 17716 --- [restartedMain] s.w.s.m.m.a.RequestMappingHandlerMapping : Mapped "{[/EndPages/commodityAdd]}" onto public java.lang.String com.example.demo.controller.EndPagesController.commodityAdd(javax.servlet.http.HttpServletRequest,javax.servlet.http.HttpSession,org.springframework.ui.Model)
2019-07-10 09:30:19.522  INFO 17716 --- [restartedMain] s.w.s.m.m.a.RequestMappingHandlerMapping : Mapped "{[/categorySearch]}" onto public java.lang.String com.example.demo.controller.EndPagesController.categorySearch(javax.servlet.http.HttpServletRequest,javax.servlet.http.HttpSession,org.springframework.ui.Model)
2019-07-10 09:30:19.522  INFO 17716 --- [restartedMain] s.w.s.m.m.a.RequestMappingHandlerMapping : Mapped "{[/brandOperation]}" onto public java.lang.String com.example.demo.controller.EndPagesController.brandOperarion(javax.servlet.http.HttpServletRequest,javax.servlet.http.HttpSession,org.springframework.ui.Model)
2019-07-10 09:30:19.523  INFO 17716 --- [restartedMain] s.w.s.m.m.a.RequestMappingHandlerMapping : Mapped "{[/EndPages/brandAdd]}" onto public java.lang.String com.example.demo.controller.EndPagesController.brandAdd(javax.servlet.http.HttpServletRequest,javax.servlet.http.HttpSession,org.springframework.ui.Model)
2019-07-10 09:30:19.523  INFO 17716 --- [restartedMain] s.w.s.m.m.a.RequestMappingHandlerMapping : Mapped "{[/EndPages/commodityAddDetail]}" onto public java.lang.String com.example.demo.controller.EndPagesController.commodityAddDetail(javax.servlet.http.HttpServletRequest,org.springframework.ui.Model)
2019-07-10 09:30:19.523  INFO 17716 --- [restartedMain] s.w.s.m.m.a.RequestMappingHandlerMapping : Mapped "{[/commodityOperation]}" onto public java.lang.String com.example.demo.controller.EndPagesController.commodityOperarion(javax.servlet.http.HttpServletRequest,javax.servlet.http.HttpSession,org.springframework.ui.Model)
2019-07-10 09:30:19.523  INFO 17716 --- [restartedMain] s.w.s.m.m.a.RequestMappingHandlerMapping : Mapped "{[/categoryOperation]}" onto public java.lang.String com.example.demo.controller.EndPagesController.categoryOperarion(javax.servlet.http.HttpServletRequest,javax.servlet.http.HttpSession,org.springframework.ui.Model)
2019-07-10 09:30:19.523  INFO 17716 --- [restartedMain] s.w.s.m.m.a.RequestMappingHandlerMapping : Mapped "{[/EndPagesLogin]}" onto public java.lang.String com.example.demo.controller.EndPagesController.EndPagesLogin(javax.servlet.http.HttpServletRequest,javax.servlet.http.HttpSession,org.springframework.ui.Model)
2019-07-10 09:30:19.524  INFO 17716 --- [restartedMain] s.w.s.m.m.a.RequestMappingHandlerMapping : Mapped "{[/endpagesexit]}" onto public java.lang.String com.example.demo.controller.EndPagesController.endpagesexit()
2019-07-10 09:30:19.524  INFO 17716 --- [restartedMain] s.w.s.m.m.a.RequestMappingHandlerMapping : Mapped "{[/index]}" onto public java.lang.String com.example.demo.controller.UserController.index(javax.servlet.http.HttpServletRequest,javax.servlet.http.HttpSession,org.springframework.ui.Model)
2019-07-10 09:30:19.525  INFO 17716 --- [restartedMain] s.w.s.m.m.a.RequestMappingHandlerMapping : Mapped "{[/register]}" onto public java.lang.String com.example.demo.controller.UserController.register(javax.servlet.http.HttpSession,org.springframework.ui.Model)
2019-07-10 09:30:19.525  INFO 17716 --- [restartedMain] s.w.s.m.m.a.RequestMappingHandlerMapping : Mapped "{[/ || /init]}" onto public java.lang.String com.example.demo.controller.UserController.init()
2019-07-10 09:30:19.525  INFO 17716 --- [restartedMain] s.w.s.m.m.a.RequestMappingHandlerMapping : Mapped "{[/login]}" onto public java.lang.String com.example.demo.controller.UserController.login(javax.servlet.http.HttpServletRequest,javax.servlet.http.HttpSession,org.springframework.ui.Model)
2019-07-10 09:30:19.525  INFO 17716 --- [restartedMain] s.w.s.m.m.a.RequestMappingHandlerMapping : Mapped "{[/register1]}" onto public java.lang.String com.example.demo.controller.UserController.register1(javax.servlet.http.HttpServletRequest,javax.servlet.http.HttpSession,org.springframework.ui.Model)
2019-07-10 09:30:19.529  INFO 17716 --- [restartedMain] s.w.s.m.m.a.RequestMappingHandlerMapping : Mapped "{[/error]}" onto public org.springframework.http.ResponseEntity<java.util.Map<java.lang.String, java.lang.Object>> org.springframework.boot.autoconfigure.web.servlet.error.BasicErrorController.error(javax.servlet.http.HttpServletRequest)
2019-07-10 09:30:19.530  INFO 17716 --- [restartedMain] s.w.s.m.m.a.RequestMappingHandlerMapping : Mapped "{[/error],produces=[text/html]}" onto public org.springframework.web.servlet.ModelAndView org.springframework.boot.autoconfigure.web.servlet.error.BasicErrorController.errorHtml(javax.servlet.http.HttpServletRequest,javax.servlet.http.HttpServletResponse)
2019-07-10 09:30:19.560  INFO 17716 --- [restartedMain] o.s.w.s.handler.SimpleUrlHandlerMapping  : Mapped URL path [/webjars/**] onto handler of type [class org.springframework.web.servlet.resource.ResourceHttpRequestHandler]
2019-07-10 09:30:19.560  INFO 17716 --- [restartedMain] o.s.w.s.handler.SimpleUrlHandlerMapping  : Mapped URL path [/**] onto handler of type [class org.springframework.web.servlet.resource.ResourceHttpRequestHandler]
2019-07-10 09:30:20.195  INFO 17716 --- [restartedMain] o.s.b.d.a.OptionalLiveReloadServer       : LiveReload server is running on port 35729
2019-07-10 09:30:20.225  INFO 17716 --- [restartedMain] o.s.j.e.a.AnnotationMBeanExporter        : Registering beans for JMX exposure on startup
2019-07-10 09:30:20.226  INFO 17716 --- [restartedMain] o.s.j.e.a.AnnotationMBeanExporter        : Bean with name 'dataSource' has been autodetected for JMX exposure
2019-07-10 09:30:20.233  INFO 17716 --- [restartedMain] o.s.j.e.a.AnnotationMBeanExporter        : Located MBean 'dataSource': registering with JMX server as MBean [com.zaxxer.hikari:name=dataSource,type=HikariDataSource]
2019-07-10 09:30:20.280  INFO 17716 --- [restartedMain] o.s.b.w.embedded.tomcat.TomcatWebServer  : Tomcat started on port(s): 8080 (http) with context path ''
2019-07-10 09:30:20.285  INFO 17716 --- [restartedMain] com.example.demo.DemoApplication         : Started DemoApplication in 5.026 seconds (JVM running for 6.877)
2019-07-10 09:30:48.026  INFO 17716 --- [http-nio-8080-exec-1] o.a.c.c.C.[Tomcat].[localhost].[/]       : Initializing Spring FrameworkServlet 'dispatcherServlet'
2019-07-10 09:30:48.026  INFO 17716 --- [http-nio-8080-exec-1] o.s.web.servlet.DispatcherServlet        : FrameworkServlet 'dispatcherServlet': initialization started
2019-07-10 09:30:48.053  INFO 17716 --- [http-nio-8080-exec-1] o.s.web.servlet.DispatcherServlet        : FrameworkServlet 'dispatcherServlet': initialization completed in 27 ms
2019-07-10 09:30:48.135  INFO 17716 --- [http-nio-8080-exec-1] com.zaxxer.hikari.HikariDataSource       : HikariPool-1 - Starting...
2019-07-10 09:30:48.282  INFO 17716 --- [http-nio-8080-exec-1] com.zaxxer.hikari.HikariDataSource       : HikariPool-1 - Start completed.
2019-07-10 09:34:34.077  INFO 3240 --- [restartedMain] com.example.demo.DemoApplication         : Starting DemoApplication on niceguysPC with PID 3240 (D:\Git\codehub_download\ShopProject\target\classes started by lenovo in D:\Git\codehub_download\ShopProject)
2019-07-10 09:34:34.081  INFO 3240 --- [restartedMain] com.example.demo.DemoApplication         : No active profile set, falling back to default profiles: default
2019-07-10 09:34:34.202  INFO 3240 --- [restartedMain] ConfigServletWebServerApplicationContext : Refreshing org.springframework.boot.web.servlet.context.AnnotationConfigServletWebServerApplicationContext@3f938bf4: startup date [Wed Jul 10 09:34:34 CST 2019]; root of context hierarchy
2019-07-10 09:34:36.224  INFO 3240 --- [restartedMain] o.s.b.w.embedded.tomcat.TomcatWebServer  : Tomcat initialized with port(s): 8080 (http)
2019-07-10 09:34:36.249  INFO 3240 --- [restartedMain] o.apache.catalina.core.StandardService   : Starting service [Tomcat]
2019-07-10 09:34:36.249  INFO 3240 --- [restartedMain] org.apache.catalina.core.StandardEngine  : Starting Servlet Engine: Apache Tomcat/8.5.31
2019-07-10 09:34:36.253  INFO 3240 --- [localhost-startStop-1] o.a.catalina.core.AprLifecycleListener   : The APR based Apache Tomcat Native library which allows optimal performance in production environments was not found on the java.library.path: [D:\1Java\bin;C:\WINDOWS\Sun\Java\bin;C:\WINDOWS\system32;C:\WINDOWS;C:\Program Files (x86)\Common Files\Oracle\Java\javapath;C:\ProgramData\Oracle\Java\javapath;D:\software\java\bin;D:\software\java\jre\bin;C:\WINDOWS\system32;C:\WINDOWS;C:\WINDOWS\System32\Wbem;C:\WINDOWS\System32\WindowsPowerShell\v1.0\;C:\Users\lenovo\AppData\Local\Microsoft\WindowsApps;;.]
2019-07-10 09:34:36.359  INFO 3240 --- [localhost-startStop-1] o.a.c.c.C.[Tomcat].[localhost].[/]       : Initializing Spring embedded WebApplicationContext
2019-07-10 09:34:36.359  INFO 3240 --- [localhost-startStop-1] o.s.web.context.ContextLoader            : Root WebApplicationContext: initialization completed in 2157 ms
2019-07-10 09:34:36.511  INFO 3240 --- [localhost-startStop-1] o.s.b.w.servlet.ServletRegistrationBean  : Servlet dispatcherServlet mapped to [/]
2019-07-10 09:34:36.517  INFO 3240 --- [localhost-startStop-1] o.s.b.w.servlet.FilterRegistrationBean   : Mapping filter: 'characterEncodingFilter' to: [/*]
2019-07-10 09:34:36.518  INFO 3240 --- [localhost-startStop-1] o.s.b.w.servlet.FilterRegistrationBean   : Mapping filter: 'hiddenHttpMethodFilter' to: [/*]
2019-07-10 09:34:36.519  INFO 3240 --- [localhost-startStop-1] o.s.b.w.servlet.FilterRegistrationBean   : Mapping filter: 'httpPutFormContentFilter' to: [/*]
2019-07-10 09:34:36.519  INFO 3240 --- [localhost-startStop-1] o.s.b.w.servlet.FilterRegistrationBean   : Mapping filter: 'requestContextFilter' to: [/*]
2019-07-10 09:34:36.866  INFO 3240 --- [restartedMain] o.s.w.s.handler.SimpleUrlHandlerMapping  : Mapped URL path [/**/favicon.ico] onto handler of type [class org.springframework.web.servlet.resource.ResourceHttpRequestHandler]
2019-07-10 09:34:37.121  INFO 3240 --- [restartedMain] s.w.s.m.m.a.RequestMappingHandlerAdapter : Looking for @ControllerAdvice: org.springframework.boot.web.servlet.context.AnnotationConfigServletWebServerApplicationContext@3f938bf4: startup date [Wed Jul 10 09:34:34 CST 2019]; root of context hierarchy
2019-07-10 09:34:37.177  INFO 3240 --- [restartedMain] s.w.s.m.m.a.RequestMappingHandlerMapping : Mapped "{[/search]}" onto public java.lang.String com.example.demo.controller.CommodityController.search(javax.servlet.http.HttpServletRequest,javax.servlet.http.HttpSession,org.springframework.ui.Model)
2019-07-10 09:34:37.178  INFO 3240 --- [restartedMain] s.w.s.m.m.a.RequestMappingHandlerMapping : Mapped "{[/detail]}" onto public java.lang.String com.example.demo.controller.CommodityController.detail()
2019-07-10 09:34:37.178  INFO 3240 --- [restartedMain] s.w.s.m.m.a.RequestMappingHandlerMapping : Mapped "{[/person_index]}" onto public java.lang.String com.example.demo.controller.CommodityController.person_index()
2019-07-10 09:34:37.182  INFO 3240 --- [restartedMain] s.w.s.m.m.a.RequestMappingHandlerMapping : Mapped "{[/EndPages]}" onto public java.lang.String com.example.demo.controller.EndPagesController.index(javax.servlet.http.HttpServletRequest,javax.servlet.http.HttpSession,org.springframework.ui.Model)
2019-07-10 09:34:37.183  INFO 3240 --- [restartedMain] s.w.s.m.m.a.RequestMappingHandlerMapping : Mapped "{[/EndPagesLogin]}" onto public java.lang.String com.example.demo.controller.EndPagesController.EndPagesLogin(javax.servlet.http.HttpServletRequest,javax.servlet.http.HttpSession,org.springframework.ui.Model)
2019-07-10 09:34:37.183  INFO 3240 --- [restartedMain] s.w.s.m.m.a.RequestMappingHandlerMapping : Mapped "{[/userSearch]}" onto public java.lang.String com.example.demo.controller.EndPagesController.userSearch(javax.servlet.http.HttpServletRequest,javax.servlet.http.HttpSession,org.springframework.ui.Model)
2019-07-10 09:34:37.183  INFO 3240 --- [restartedMain] s.w.s.m.m.a.RequestMappingHandlerMapping : Mapped "{[/EndPages/categoryAdd]}" onto public java.lang.String com.example.demo.controller.EndPagesController.categoryAdd(javax.servlet.http.HttpServletRequest,javax.servlet.http.HttpSession,org.springframework.ui.Model)
2019-07-10 09:34:37.183  INFO 3240 --- [restartedMain] s.w.s.m.m.a.RequestMappingHandlerMapping : Mapped "{[/userdetail]}" onto public java.lang.String com.example.demo.controller.EndPagesController.userManage(javax.servlet.http.HttpServletRequest,javax.servlet.http.HttpSession,org.springframework.ui.Model)
2019-07-10 09:34:37.184  INFO 3240 --- [restartedMain] s.w.s.m.m.a.RequestMappingHandlerMapping : Mapped "{[/categoryUpdate]}" onto public java.lang.String com.example.demo.controller.EndPagesController.categoryUpdate(javax.servlet.http.HttpServletRequest,javax.servlet.http.HttpSession,org.springframework.ui.Model)
2019-07-10 09:34:37.184  INFO 3240 --- [restartedMain] s.w.s.m.m.a.RequestMappingHandlerMapping : Mapped "{[/endpagesexit]}" onto public java.lang.String com.example.demo.controller.EndPagesController.endpagesexit()
2019-07-10 09:34:37.185  INFO 3240 --- [restartedMain] s.w.s.m.m.a.RequestMappingHandlerMapping : Mapped "{[/userdetailUpdate]}" onto public java.lang.String com.example.demo.controller.EndPagesController.userdetailUpdate(javax.servlet.http.HttpServletRequest,javax.servlet.http.HttpSession,org.springframework.ui.Model)
2019-07-10 09:34:37.186  INFO 3240 --- [restartedMain] s.w.s.m.m.a.RequestMappingHandlerMapping : Mapped "{[/brandUpdate]}" onto public java.lang.String com.example.demo.controller.EndPagesController.brandUpdate(javax.servlet.http.HttpServletRequest,javax.servlet.http.HttpSession,org.springframework.ui.Model)
2019-07-10 09:34:37.186  INFO 3240 --- [restartedMain] s.w.s.m.m.a.RequestMappingHandlerMapping : Mapped "{[/brandOperation]}" onto public java.lang.String com.example.demo.controller.EndPagesController.brandOperarion(javax.servlet.http.HttpServletRequest,javax.servlet.http.HttpSession,org.springframework.ui.Model)
2019-07-10 09:34:37.187  INFO 3240 --- [restartedMain] s.w.s.m.m.a.RequestMappingHandlerMapping : Mapped "{[/commodityUpdate]}" onto public java.lang.String com.example.demo.controller.EndPagesController.commodityUpdate(javax.servlet.http.HttpServletRequest,javax.servlet.http.HttpSession,org.springframework.ui.Model)
2019-07-10 09:34:37.187  INFO 3240 --- [restartedMain] s.w.s.m.m.a.RequestMappingHandlerMapping : Mapped "{[/categorySearch]}" onto public java.lang.String com.example.demo.controller.EndPagesController.categorySearch(javax.servlet.http.HttpServletRequest,javax.servlet.http.HttpSession,org.springframework.ui.Model)
2019-07-10 09:34:37.188  INFO 3240 --- [restartedMain] s.w.s.m.m.a.RequestMappingHandlerMapping : Mapped "{[/EndPages/brandAdd]}" onto public java.lang.String com.example.demo.controller.EndPagesController.brandAdd(javax.servlet.http.HttpServletRequest,javax.servlet.http.HttpSession,org.springframework.ui.Model)
2019-07-10 09:34:37.188  INFO 3240 --- [restartedMain] s.w.s.m.m.a.RequestMappingHandlerMapping : Mapped "{[/orderdetialUpdate]}" onto public java.lang.String com.example.demo.controller.EndPagesController.orderdetailEdit(javax.servlet.http.HttpServletRequest,org.springframework.ui.Model)
2019-07-10 09:34:37.188  INFO 3240 --- [restartedMain] s.w.s.m.m.a.RequestMappingHandlerMapping : Mapped "{[/EndPages/commodityAdd]}" onto public java.lang.String com.example.demo.controller.EndPagesController.commodityAdd(javax.servlet.http.HttpServletRequest,javax.servlet.http.HttpSession,org.springframework.ui.Model)
2019-07-10 09:34:37.189  INFO 3240 --- [restartedMain] s.w.s.m.m.a.RequestMappingHandlerMapping : Mapped "{[/brandSearch]}" onto public java.lang.String com.example.demo.controller.EndPagesController.brandSearch(javax.servlet.http.HttpServletRequest,javax.servlet.http.HttpSession,org.springframework.ui.Model)
2019-07-10 09:34:37.189  INFO 3240 --- [restartedMain] s.w.s.m.m.a.RequestMappingHandlerMapping : Mapped "{[/orderedit]}" onto public java.lang.String com.example.demo.controller.EndPagesController.orderedit(javax.servlet.http.HttpServletRequest,org.springframework.ui.Model)
2019-07-10 09:34:37.189  INFO 3240 --- [restartedMain] s.w.s.m.m.a.RequestMappingHandlerMapping : Mapped "{[/commoditySearch]}" onto public java.lang.String com.example.demo.controller.EndPagesController.commoditySearch(javax.servlet.http.HttpServletRequest,javax.servlet.http.HttpSession,org.springframework.ui.Model)
2019-07-10 09:34:37.190  INFO 3240 --- [restartedMain] s.w.s.m.m.a.RequestMappingHandlerMapping : Mapped "{[/categoryOperation]}" onto public java.lang.String com.example.demo.controller.EndPagesController.categoryOperarion(javax.servlet.http.HttpServletRequest,javax.servlet.http.HttpSession,org.springframework.ui.Model)
2019-07-10 09:34:37.190  INFO 3240 --- [restartedMain] s.w.s.m.m.a.RequestMappingHandlerMapping : Mapped "{[/commodityOperation]}" onto public java.lang.String com.example.demo.controller.EndPagesController.commodityOperarion(javax.servlet.http.HttpServletRequest,javax.servlet.http.HttpSession,org.springframework.ui.Model)
2019-07-10 09:34:37.190  INFO 3240 --- [restartedMain] s.w.s.m.m.a.RequestMappingHandlerMapping : Mapped "{[/EndPages/commodityAddDetail]}" onto public java.lang.String com.example.demo.controller.EndPagesController.commodityAddDetail(javax.servlet.http.HttpServletRequest,org.springframework.ui.Model)
2019-07-10 09:34:37.191  INFO 3240 --- [restartedMain] s.w.s.m.m.a.RequestMappingHandlerMapping : Mapped "{[/index]}" onto public java.lang.String com.example.demo.controller.UserController.index(javax.servlet.http.HttpServletRequest,javax.servlet.http.HttpSession,org.springframework.ui.Model)
2019-07-10 09:34:37.192  INFO 3240 --- [restartedMain] s.w.s.m.m.a.RequestMappingHandlerMapping : Mapped "{[/register]}" onto public java.lang.String com.example.demo.controller.UserController.register(javax.servlet.http.HttpSession,org.springframework.ui.Model)
2019-07-10 09:34:37.193  INFO 3240 --- [restartedMain] s.w.s.m.m.a.RequestMappingHandlerMapping : Mapped "{[/ || /init]}" onto public java.lang.String com.example.demo.controller.UserController.init()
2019-07-10 09:34:37.193  INFO 3240 --- [restartedMain] s.w.s.m.m.a.RequestMappingHandlerMapping : Mapped "{[/register1]}" onto public java.lang.String com.example.demo.controller.UserController.register1(javax.servlet.http.HttpServletRequest,javax.servlet.http.HttpSession,org.springframework.ui.Model)
2019-07-10 09:34:37.193  INFO 3240 --- [restartedMain] s.w.s.m.m.a.RequestMappingHandlerMapping : Mapped "{[/login]}" onto public java.lang.String com.example.demo.controller.UserController.login(javax.servlet.http.HttpServletRequest,javax.servlet.http.HttpSession,org.springframework.ui.Model)
2019-07-10 09:34:37.197  INFO 3240 --- [restartedMain] s.w.s.m.m.a.RequestMappingHandlerMapping : Mapped "{[/error]}" onto public org.springframework.http.ResponseEntity<java.util.Map<java.lang.String, java.lang.Object>> org.springframework.boot.autoconfigure.web.servlet.error.BasicErrorController.error(javax.servlet.http.HttpServletRequest)
2019-07-10 09:34:37.198  INFO 3240 --- [restartedMain] s.w.s.m.m.a.RequestMappingHandlerMapping : Mapped "{[/error],produces=[text/html]}" onto public org.springframework.web.servlet.ModelAndView org.springframework.boot.autoconfigure.web.servlet.error.BasicErrorController.errorHtml(javax.servlet.http.HttpServletRequest,javax.servlet.http.HttpServletResponse)
2019-07-10 09:34:37.226  INFO 3240 --- [restartedMain] o.s.w.s.handler.SimpleUrlHandlerMapping  : Mapped URL path [/webjars/**] onto handler of type [class org.springframework.web.servlet.resource.ResourceHttpRequestHandler]
2019-07-10 09:34:37.226  INFO 3240 --- [restartedMain] o.s.w.s.handler.SimpleUrlHandlerMapping  : Mapped URL path [/**] onto handler of type [class org.springframework.web.servlet.resource.ResourceHttpRequestHandler]
2019-07-10 09:34:37.868  INFO 3240 --- [restartedMain] o.s.b.d.a.OptionalLiveReloadServer       : LiveReload server is running on port 35729
2019-07-10 09:34:37.930  INFO 3240 --- [restartedMain] o.s.j.e.a.AnnotationMBeanExporter        : Registering beans for JMX exposure on startup
2019-07-10 09:34:37.931  INFO 3240 --- [restartedMain] o.s.j.e.a.AnnotationMBeanExporter        : Bean with name 'dataSource' has been autodetected for JMX exposure
2019-07-10 09:34:37.939  INFO 3240 --- [restartedMain] o.s.j.e.a.AnnotationMBeanExporter        : Located MBean 'dataSource': registering with JMX server as MBean [com.zaxxer.hikari:name=dataSource,type=HikariDataSource]
2019-07-10 09:34:37.994  INFO 3240 --- [restartedMain] o.s.b.w.embedded.tomcat.TomcatWebServer  : Tomcat started on port(s): 8080 (http) with context path ''
2019-07-10 09:34:38.001  INFO 3240 --- [restartedMain] com.example.demo.DemoApplication         : Started DemoApplication in 4.531 seconds (JVM running for 5.886)
2019-07-10 09:34:42.805  INFO 3240 --- [http-nio-8080-exec-1] o.a.c.c.C.[Tomcat].[localhost].[/]       : Initializing Spring FrameworkServlet 'dispatcherServlet'
2019-07-10 09:34:42.806  INFO 3240 --- [http-nio-8080-exec-1] o.s.web.servlet.DispatcherServlet        : FrameworkServlet 'dispatcherServlet': initialization started
2019-07-10 09:34:42.839  INFO 3240 --- [http-nio-8080-exec-1] o.s.web.servlet.DispatcherServlet        : FrameworkServlet 'dispatcherServlet': initialization completed in 33 ms
2019-07-10 09:34:42.935  INFO 3240 --- [http-nio-8080-exec-1] com.zaxxer.hikari.HikariDataSource       : HikariPool-1 - Starting...
2019-07-10 09:34:43.145  INFO 3240 --- [http-nio-8080-exec-1] com.zaxxer.hikari.HikariDataSource       : HikariPool-1 - Start completed.
